<?xml version="1.0" encoding="UTF-8"?>
<testng-results ignored="0" total="1" passed="1" failed="0" skipped="0">
  <reporter-output>
  </reporter-output>
  <suite started-at="2021-08-08T21:56:11 EDT" name="Default suite" finished-at="2021-08-08T21:56:16 EDT" duration-ms="4486">
    <groups>
    </groups>
    <test started-at="2021-08-08T21:56:11 EDT" name="Default test" finished-at="2021-08-08T21:56:16 EDT" duration-ms="4486">
      <class name="TestCases.CheckboxTest">
        <test-method is-config="true" signature="setup()[pri:0, instance:TestCases.CheckboxTest@1eb5174b]" started-at="2021-08-08T21:56:11 EDT" name="setup" finished-at="2021-08-08T21:56:15 EDT" duration-ms="3885" status="PASS">
          <reporter-output>
          </reporter-output>
        </test-method> <!-- setup -->
        <test-method signature="checkbox()[pri:0, instance:TestCases.CheckboxTest@1eb5174b]" started-at="2021-08-08T21:56:15 EDT" name="checkbox" finished-at="2021-08-08T21:56:16 EDT" duration-ms="523" status="PASS">
          <reporter-output>
          </reporter-output>
        </test-method> <!-- checkbox -->
      </class> <!-- TestCases.CheckboxTest -->
    </test> <!-- Default test -->
  </suite> <!-- Default suite -->
</testng-results>
